2023-09-29 21:42:30 INFO ====== WebDriver manager ======
2023-09-29 21:42:30 INFO Get LATEST chromedriver version for google-chrome
2023-09-29 21:42:30 INFO Get LATEST chromedriver version for google-chrome
2023-09-29 21:42:30 INFO There is no [win64] chromedriver "117.0.5938.92" for browser google-chrome "117.0.5938.92" in cache
2023-09-29 21:42:30 INFO Get LATEST chromedriver version for google-chrome
2023-09-29 21:42:31 INFO WebDriver version 117.0.5938.92 selected
2023-09-29 21:42:31 INFO Modern chrome version https://edgedl.me.gvt1.com/edgedl/chrome/chrome-for-testing/117.0.5938.92/win32/chromedriver-win32.zip
2023-09-29 21:42:31 INFO About to download new driver from https://edgedl.me.gvt1.com/edgedl/chrome/chrome-for-testing/117.0.5938.92/win32/chromedriver-win32.zip
2023-09-29 21:42:31 INFO Driver downloading response is 200
2023-09-29 21:42:32 INFO Get LATEST chromedriver version for google-chrome
2023-09-29 21:42:32 INFO Driver has been saved in cache [C:\Users\Дмитрий\.wdm\drivers\chromedriver\win64\117.0.5938.92]
2023-09-29 21:42:33 INFO Test1 Starting
2023-09-29 21:42:35 INFO Test2 Starting
2023-09-29 21:42:37 INFO Test2.1 Starting
2023-09-29 21:42:47 ERROR Find element exeption
Traceback (most recent call last):
  File "C:\GeekBrains\autotesting_web_python\sem4\BaseApp.py", line 15, in find_element
    element = WebDriverWait(self.driver, time).until(EC.presence_of_element_located(locator),
  File "C:\GeekBrains\autotesting_web_python\lib\site-packages\selenium\webdriver\support\wait.py", line 95, in until
    raise TimeoutException(message, screen, stacktrace)
selenium.common.exceptions.TimeoutException: Message: Can't find element by locator ('xpath', '//*[@id="login"]/div[1]/label/input')
Stacktrace:
	GetHandleVerifier [0x00DCCEB3+45171]
	(No symbol) [0x00D59101]
	(No symbol) [0x00C4BE1D]
	(No symbol) [0x00C7ED40]
	(No symbol) [0x00C7F20B]
	(No symbol) [0x00CAF692]
	(No symbol) [0x00C9B094]
	(No symbol) [0x00CADCFA]
	(No symbol) [0x00C9AE46]
	(No symbol) [0x00C7675E]
	(No symbol) [0x00C778FD]
	GetHandleVerifier [0x010854B9+2897529]
	GetHandleVerifier [0x010CDC6B+3194411]
	GetHandleVerifier [0x010C7A41+3169281]
	GetHandleVerifier [0x00E56130+606960]
	(No symbol) [0x00D62E7C]
	(No symbol) [0x00D5F008]
	(No symbol) [0x00D5F12F]
	(No symbol) [0x00D51827]
	BaseThreadInitThunk [0x7726FCC9+25]
	RtlGetAppContainerNamedObjectPath [0x779C7B1E+286]
	RtlGetAppContainerNamedObjectPath [0x779C7AEE+238]

2023-09-29 21:42:47 ERROR Element ('xpath', '//*[@id="login"]/div[1]/label/input') not found
2023-09-29 21:42:57 ERROR Find element exeption
Traceback (most recent call last):
  File "C:\GeekBrains\autotesting_web_python\sem4\BaseApp.py", line 15, in find_element
    element = WebDriverWait(self.driver, time).until(EC.presence_of_element_located(locator),
  File "C:\GeekBrains\autotesting_web_python\lib\site-packages\selenium\webdriver\support\wait.py", line 95, in until
    raise TimeoutException(message, screen, stacktrace)
selenium.common.exceptions.TimeoutException: Message: Can't find element by locator ('xpath', '//*[@id="login"]/div[2]/label/input')
Stacktrace:
	GetHandleVerifier [0x00DCCEB3+45171]
	(No symbol) [0x00D59101]
	(No symbol) [0x00C4BE1D]
	(No symbol) [0x00C7ED40]
	(No symbol) [0x00C7F20B]
	(No symbol) [0x00CAF692]
	(No symbol) [0x00C9B094]
	(No symbol) [0x00CADCFA]
	(No symbol) [0x00C9AE46]
	(No symbol) [0x00C7675E]
	(No symbol) [0x00C778FD]
	GetHandleVerifier [0x010854B9+2897529]
	GetHandleVerifier [0x010CDC6B+3194411]
	GetHandleVerifier [0x010C7A41+3169281]
	GetHandleVerifier [0x00E56130+606960]
	(No symbol) [0x00D62E7C]
	(No symbol) [0x00D5F008]
	(No symbol) [0x00D5F12F]
	(No symbol) [0x00D51827]
	BaseThreadInitThunk [0x7726FCC9+25]
	RtlGetAppContainerNamedObjectPath [0x779C7B1E+286]
	RtlGetAppContainerNamedObjectPath [0x779C7AEE+238]

2023-09-29 21:42:57 ERROR Element ('xpath', '//*[@id="login"]/div[2]/label/input') not found
2023-09-29 21:43:08 ERROR Find element exeption
Traceback (most recent call last):
  File "C:\GeekBrains\autotesting_web_python\sem4\BaseApp.py", line 15, in find_element
    element = WebDriverWait(self.driver, time).until(EC.presence_of_element_located(locator),
  File "C:\GeekBrains\autotesting_web_python\lib\site-packages\selenium\webdriver\support\wait.py", line 95, in until
    raise TimeoutException(message, screen, stacktrace)
selenium.common.exceptions.TimeoutException: Message: Can't find element by locator ('css selector', '.material-icons.mdc-icon-button.mdc-icon-button--display-flex')
Stacktrace:
	GetHandleVerifier [0x00DCCEB3+45171]
	(No symbol) [0x00D59101]
	(No symbol) [0x00C4BE1D]
	(No symbol) [0x00C7ED40]
	(No symbol) [0x00C7F20B]
	(No symbol) [0x00CAF692]
	(No symbol) [0x00C9B094]
	(No symbol) [0x00CADCFA]
	(No symbol) [0x00C9AE46]
	(No symbol) [0x00C7675E]
	(No symbol) [0x00C778FD]
	GetHandleVerifier [0x010854B9+2897529]
	GetHandleVerifier [0x010CDC6B+3194411]
	GetHandleVerifier [0x010C7A41+3169281]
	GetHandleVerifier [0x00E56130+606960]
	(No symbol) [0x00D62E7C]
	(No symbol) [0x00D5F008]
	(No symbol) [0x00D5F12F]
	(No symbol) [0x00D51827]
	BaseThreadInitThunk [0x7726FCC9+25]
	RtlGetAppContainerNamedObjectPath [0x779C7B1E+286]
	RtlGetAppContainerNamedObjectPath [0x779C7AEE+238]

2023-09-29 21:43:12 INFO Test3 Starting
2023-09-29 21:43:23 ERROR Find element exeption
Traceback (most recent call last):
  File "C:\GeekBrains\autotesting_web_python\sem4\BaseApp.py", line 15, in find_element
    element = WebDriverWait(self.driver, time).until(EC.presence_of_element_located(locator),
  File "C:\GeekBrains\autotesting_web_python\lib\site-packages\selenium\webdriver\support\wait.py", line 95, in until
    raise TimeoutException(message, screen, stacktrace)
selenium.common.exceptions.TimeoutException: Message: Can't find element by locator ('xpath', '//*[@id="login"]/div[1]/label/input')
Stacktrace:
	GetHandleVerifier [0x00DCCEB3+45171]
	(No symbol) [0x00D59101]
	(No symbol) [0x00C4BE1D]
	(No symbol) [0x00C7ED40]
	(No symbol) [0x00C7F20B]
	(No symbol) [0x00CAF692]
	(No symbol) [0x00C9B094]
	(No symbol) [0x00CADCFA]
	(No symbol) [0x00C9AE46]
	(No symbol) [0x00C7675E]
	(No symbol) [0x00C778FD]
	GetHandleVerifier [0x010854B9+2897529]
	GetHandleVerifier [0x010CDC6B+3194411]
	GetHandleVerifier [0x010C7A41+3169281]
	GetHandleVerifier [0x00E56130+606960]
	(No symbol) [0x00D62E7C]
	(No symbol) [0x00D5F008]
	(No symbol) [0x00D5F12F]
	(No symbol) [0x00D51827]
	BaseThreadInitThunk [0x7726FCC9+25]
	RtlGetAppContainerNamedObjectPath [0x779C7B1E+286]
	RtlGetAppContainerNamedObjectPath [0x779C7AEE+238]

2023-09-29 21:43:23 ERROR Element ('xpath', '//*[@id="login"]/div[1]/label/input') not found
2023-09-29 21:43:33 ERROR Find element exeption
Traceback (most recent call last):
  File "C:\GeekBrains\autotesting_web_python\sem4\BaseApp.py", line 15, in find_element
    element = WebDriverWait(self.driver, time).until(EC.presence_of_element_located(locator),
  File "C:\GeekBrains\autotesting_web_python\lib\site-packages\selenium\webdriver\support\wait.py", line 95, in until
    raise TimeoutException(message, screen, stacktrace)
selenium.common.exceptions.TimeoutException: Message: Can't find element by locator ('xpath', '//*[@id="login"]/div[2]/label/input')
Stacktrace:
	GetHandleVerifier [0x00DCCEB3+45171]
	(No symbol) [0x00D59101]
	(No symbol) [0x00C4BE1D]
	(No symbol) [0x00C7ED40]
	(No symbol) [0x00C7F20B]
	(No symbol) [0x00CAF692]
	(No symbol) [0x00C9B094]
	(No symbol) [0x00CADCFA]
	(No symbol) [0x00C9AE46]
	(No symbol) [0x00C7675E]
	(No symbol) [0x00C778FD]
	GetHandleVerifier [0x010854B9+2897529]
	GetHandleVerifier [0x010CDC6B+3194411]
	GetHandleVerifier [0x010C7A41+3169281]
	GetHandleVerifier [0x00E56130+606960]
	(No symbol) [0x00D62E7C]
	(No symbol) [0x00D5F008]
	(No symbol) [0x00D5F12F]
	(No symbol) [0x00D51827]
	BaseThreadInitThunk [0x7726FCC9+25]
	RtlGetAppContainerNamedObjectPath [0x779C7B1E+286]
	RtlGetAppContainerNamedObjectPath [0x779C7AEE+238]

2023-09-29 21:43:33 ERROR Element ('xpath', '//*[@id="login"]/div[2]/label/input') not found
2023-09-29 21:43:43 ERROR Find element exeption
Traceback (most recent call last):
  File "C:\GeekBrains\autotesting_web_python\sem4\BaseApp.py", line 15, in find_element
    element = WebDriverWait(self.driver, time).until(EC.presence_of_element_located(locator),
  File "C:\GeekBrains\autotesting_web_python\lib\site-packages\selenium\webdriver\support\wait.py", line 95, in until
    raise TimeoutException(message, screen, stacktrace)
selenium.common.exceptions.TimeoutException: Message: Can't find element by locator ('css selector', '.material-icons.mdc-icon-button.mdc-icon-button--display-flex')
Stacktrace:
	GetHandleVerifier [0x00DCCEB3+45171]
	(No symbol) [0x00D59101]
	(No symbol) [0x00C4BE1D]
	(No symbol) [0x00C7ED40]
	(No symbol) [0x00C7F20B]
	(No symbol) [0x00CAF692]
	(No symbol) [0x00C9B094]
	(No symbol) [0x00CADCFA]
	(No symbol) [0x00C9AE46]
	(No symbol) [0x00C7675E]
	(No symbol) [0x00C778FD]
	GetHandleVerifier [0x010854B9+2897529]
	GetHandleVerifier [0x010CDC6B+3194411]
	GetHandleVerifier [0x010C7A41+3169281]
	GetHandleVerifier [0x00E56130+606960]
	(No symbol) [0x00D62E7C]
	(No symbol) [0x00D5F008]
	(No symbol) [0x00D5F12F]
	(No symbol) [0x00D51827]
	BaseThreadInitThunk [0x7726FCC9+25]
	RtlGetAppContainerNamedObjectPath [0x779C7B1E+286]
	RtlGetAppContainerNamedObjectPath [0x779C7AEE+238]

